0 info it worked if it ends with ok
1 verbose cli [ 'C:\\Program Files\\nodejs\\node.exe',
1 verbose cli   'C:\\Program Files\\nodejs\\node_modules\\npm\\bin\\npm-cli.js',
1 verbose cli   'install',
1 verbose cli   'secret-env.js' ]
2 info using npm@2.14.12
3 info using node@v4.2.4
4 verbose install initial load of C:\Users\mcvey\webdevelopment\package.json
5 verbose installManyTop reading scoped package data from C:\Users\mcvey\webdevelopment\node_modules\bcrypt-nodejs\package.json
6 verbose installManyTop reading scoped package data from C:\Users\mcvey\webdevelopment\node_modules\body-parser\package.json
7 verbose installManyTop reading scoped package data from C:\Users\mcvey\webdevelopment\node_modules\cookie-parser\package.json
8 verbose installManyTop reading scoped package data from C:\Users\mcvey\webdevelopment\node_modules\ejs\package.json
9 verbose installManyTop reading scoped package data from C:\Users\mcvey\webdevelopment\node_modules\express\package.json
10 verbose installManyTop reading scoped package data from C:\Users\mcvey\webdevelopment\node_modules\express-session\package.json
11 verbose installManyTop reading scoped package data from C:\Users\mcvey\webdevelopment\node_modules\mongodb\package.json
12 verbose installManyTop reading scoped package data from C:\Users\mcvey\webdevelopment\node_modules\mongoose\package.json
13 verbose installManyTop reading scoped package data from C:\Users\mcvey\webdevelopment\node_modules\multer\package.json
14 verbose installManyTop reading scoped package data from C:\Users\mcvey\webdevelopment\node_modules\node-uuid\package.json
15 verbose installManyTop reading scoped package data from C:\Users\mcvey\webdevelopment\node_modules\npm\package.json
16 verbose installManyTop reading scoped package data from C:\Users\mcvey\webdevelopment\node_modules\passport\package.json
17 verbose installManyTop reading scoped package data from C:\Users\mcvey\webdevelopment\node_modules\passport-local\package.json
18 verbose installManyTop reading scoped package data from C:\Users\mcvey\webdevelopment\node_modules\q\package.json
19 info package.json passport-local@1.0.0 No license field.
20 info package.json bcrypt-nodejs@0.0.3 No license field.
21 info package.json ejs@1.0.0 No license field.
22 info package.json node-uuid@1.4.7 No license field.
23 info package.json q@1.4.1 license should be a valid SPDX license expression
24 verbose readDependencies loading dependencies from C:\Users\mcvey\webdevelopment\package.json
25 silly cache add args [ 'secret-env.js', null ]
26 verbose cache add spec secret-env.js
27 silly cache add parsed spec Result {
27 silly cache add   raw: 'secret-env.js',
27 silly cache add   scope: null,
27 silly cache add   name: 'secret-env.js',
27 silly cache add   rawSpec: '',
27 silly cache add   spec: 'latest',
27 silly cache add   type: 'tag' }
28 silly addNamed secret-env.js@latest
29 verbose addNamed "latest" is being treated as a dist-tag for secret-env.js
30 info addNameTag [ 'secret-env.js', 'latest' ]
31 silly mapToRegistry name secret-env.js
32 silly mapToRegistry using default registry
33 silly mapToRegistry registry https://registry.npmjs.org/
34 silly mapToRegistry uri https://registry.npmjs.org/secret-env.js
35 verbose addNameTag registry:https://registry.npmjs.org/secret-env.js not in flight; fetching
36 verbose request uri https://registry.npmjs.org/secret-env.js
37 verbose request no auth needed
38 info attempt registry request try #1 at 10:57:11 PM
39 verbose request id a84489d8d7978e56
40 http request GET https://registry.npmjs.org/secret-env.js
41 http 404 https://registry.npmjs.org/secret-env.js
42 verbose headers { 'content-type': 'application/json',
42 verbose headers   'cache-control': 'max-age=0',
42 verbose headers   'content-length': '2',
42 verbose headers   'accept-ranges': 'bytes',
42 verbose headers   date: 'Tue, 19 Apr 2016 02:57:26 GMT',
42 verbose headers   via: '1.1 varnish',
42 verbose headers   age: '0',
42 verbose headers   connection: 'keep-alive',
42 verbose headers   'x-served-by': 'cache-iad2140-IAD',
42 verbose headers   'x-cache': 'MISS',
42 verbose headers   'x-cache-hits': '0',
42 verbose headers   'x-timer': 'S1461034646.474204,VS0,VE394',
42 verbose headers   vary: 'Accept-Encoding' }
43 silly get cb [ 404,
43 silly get   { 'content-type': 'application/json',
43 silly get     'cache-control': 'max-age=0',
43 silly get     'content-length': '2',
43 silly get     'accept-ranges': 'bytes',
43 silly get     date: 'Tue, 19 Apr 2016 02:57:26 GMT',
43 silly get     via: '1.1 varnish',
43 silly get     age: '0',
43 silly get     connection: 'keep-alive',
43 silly get     'x-served-by': 'cache-iad2140-IAD',
43 silly get     'x-cache': 'MISS',
43 silly get     'x-cache-hits': '0',
43 silly get     'x-timer': 'S1461034646.474204,VS0,VE394',
43 silly get     vary: 'Accept-Encoding' } ]
44 verbose stack Error: Registry returned 404 for GET on https://registry.npmjs.org/secret-env.js
44 verbose stack     at makeError (C:\Program Files\nodejs\node_modules\npm\node_modules\npm-registry-client\lib\request.js:264:12)
44 verbose stack     at CachingRegistryClient.<anonymous> (C:\Program Files\nodejs\node_modules\npm\node_modules\npm-registry-client\lib\request.js:242:14)
44 verbose stack     at Request._callback (C:\Program Files\nodejs\node_modules\npm\node_modules\npm-registry-client\lib\request.js:172:14)
44 verbose stack     at Request.self.callback (C:\Program Files\nodejs\node_modules\npm\node_modules\request\request.js:198:22)
44 verbose stack     at emitTwo (events.js:87:13)
44 verbose stack     at Request.emit (events.js:172:7)
44 verbose stack     at Request.<anonymous> (C:\Program Files\nodejs\node_modules\npm\node_modules\request\request.js:1082:10)
44 verbose stack     at emitOne (events.js:82:20)
44 verbose stack     at Request.emit (events.js:169:7)
44 verbose stack     at IncomingMessage.<anonymous> (C:\Program Files\nodejs\node_modules\npm\node_modules\request\request.js:1009:12)
45 verbose statusCode 404
46 verbose pkgid secret-env.js
47 verbose cwd C:\Users\mcvey\webdevelopment
48 error Windows_NT 10.0.10586
49 error argv "C:\\Program Files\\nodejs\\node.exe" "C:\\Program Files\\nodejs\\node_modules\\npm\\bin\\npm-cli.js" "install" "secret-env.js"
50 error node v4.2.4
51 error npm  v2.14.12
52 error code E404
53 error 404 Registry returned 404 for GET on https://registry.npmjs.org/secret-env.js
53 error 404
53 error 404 'secret-env.js' is not in the npm registry.
53 error 404 You should bug the author to publish it (or use the name yourself!)
53 error 404 It was specified as a dependency of 'OpenShift-Sample-App'
53 error 404
53 error 404 Note that you can also install from a
53 error 404 tarball, folder, http url, or git url.
54 verbose exit [ 1, true ]
